shared/build/intermediates/manifest_merge_blame_file/debug/processDebugManifest/manifest-merger-blame-debug-report.txt
1<?xml version="1.0" encoding="utf-8"?>
2<manifest xmlns:android="http://schemas.android.com/apk/res/android"
3    package="com.example.carplayer.shared" >
4
5    <uses-sdk android:minSdkVersion="28" />
6
7    <uses-permission android:name="android.permission.INTERNET" />
7-->src/main/AndroidManifest.xml:3:5-66
7-->src/main/AndroidManifest.xml:3:22-64
8
9    <!-- <uses-permission android:name="android.permission.FOREGROUND_SERVICE" /> -->
10    <!-- <uses-permission android:name="android.permission.FOREGROUND_SERVICE_MEDIA_PLAYBACK" /> -->
11    <application android:appCategory="audio" >
11-->src/main/AndroidManifest.xml:8:5-30:19
11-->src/main/AndroidManifest.xml:8:18-45
12        <meta-data
12-->src/main/AndroidManifest.xml:10:9-12:59
13            android:name="com.google.android.gms.car.application"
13-->src/main/AndroidManifest.xml:11:13-66
14            android:resource="@xml/automotive_app_desc" />
14-->src/main/AndroidManifest.xml:12:13-56
15
16        <!--
17         Main music service, provides media browsing and media playback services to
18         consumers through MediaBrowserService and MediaSession. Consumers connect to it through
19         MediaBrowser (for browsing) and MediaController (for playback control)
20        -->
21        <service
21-->src/main/AndroidManifest.xml:17:9-23:19
22            android:name="com.example.carplayer.shared.services.MyMediaService"
22-->src/main/AndroidManifest.xml:18:13-80
23            android:exported="true" >
23-->src/main/AndroidManifest.xml:19:13-36
24            <intent-filter>
24-->src/main/AndroidManifest.xml:20:13-22:29
25                <action android:name="android.media.browse.MediaBrowserService" />
25-->src/main/AndroidManifest.xml:21:17-83
25-->src/main/AndroidManifest.xml:21:25-80
26            </intent-filter>
27        </service>
28
29        <!-- Android Auto support -->
30        <meta-data
30-->src/main/AndroidManifest.xml:26:9-28:84
31            android:name="android.media.session"
31-->src/main/AndroidManifest.xml:27:13-49
32            android:value="com.example.carplayer.shared.services.MyMediaService" />
32-->src/main/AndroidManifest.xml:28:13-81
33    </application>
34
35</manifest>